2026-02-25 00:26:03.082 [144185] [INF] App is online
2026-02-25 00:26:11.308 [144185] [INF] App shutting down
2026-02-25 00:28:10.784 [144370] [INF] Listening on port 8000
2026-02-25 00:28:10.797 [144370] [INF] Getting config from database
2026-02-25 00:28:10.798 [144370] [DBG] Config found :: {'_id': '018d9e2f-6c7b-7c3a-9f2e-4b1d8a6e5c90', 'port': 8000, 'debug': True, 'routes': [{'path': '/hello', 'method': 'GET', 'response': {'msg': 'Hello from DB route'}}, {'path': '/status', 'method': 'GET', 'response': {'status': 'ok'}}, {'path': '/echo', 'method': 'POST', 'echo': True}]}
2026-02-25 00:28:10.798 [144370] [INF] Mounting dynamic route: GET /hello
2026-02-25 00:28:10.798 [144370] [INF] Mounting dynamic route: GET /status
2026-02-25 00:28:10.799 [144370] [INF] Mounting dynamic route: POST /echo
2026-02-25 00:28:10.799 [144370] [INF] App is online
2026-02-25 00:33:17.700 [144370] [INF] App shutting down
2026-02-25 00:33:19.394 [144635] [INF] Listening on port 8000
2026-02-25 00:33:19.408 [144635] [INF] Getting config from database
2026-02-25 00:33:19.409 [144635] [DBG] Config found :: {'_id': '018d9e2f-6c7b-7c3a-9f2e-4b1d8a6e5c90', 'port': 8000, 'debug': True, 'routes': [{'path': '/hello', 'method': 'GET', 'response': {'msg': 'Hello from DB route'}}, {'path': '/status', 'method': 'GET', 'response': {'status': 'ok'}}, {'path': '/echo', 'method': 'POST', 'echo': True}]}
2026-02-25 00:33:19.409 [144635] [INF] Mounting dynamic route: GET /hello
2026-02-25 00:33:19.409 [144635] [INF] Mounting dynamic route: GET /status
2026-02-25 00:33:19.409 [144635] [INF] Mounting dynamic route: POST /echo
2026-02-25 00:33:22.529 [144724] [INF] Listening on port 8000
2026-02-25 00:33:22.543 [144724] [INF] Getting config from database
2026-02-25 00:33:22.544 [144724] [DBG] Config found :: {'_id': '018d9e2f-6c7b-7c3a-9f2e-4b1d8a6e5c90', 'port': 8000, 'debug': True, 'routes': [{'path': '/hello', 'method': 'GET', 'response': {'msg': 'Hello from DB route'}}, {'path': '/status', 'method': 'GET', 'response': {'status': 'ok'}}, {'path': '/echo', 'method': 'POST', 'echo': True}]}
2026-02-25 00:33:22.545 [144724] [INF] Mounting dynamic route: GET /hello
2026-02-25 00:33:22.545 [144724] [INF] Mounting dynamic route: GET /status
2026-02-25 00:33:22.545 [144724] [INF] Mounting dynamic route: POST /echo
2026-02-25 00:33:42.662 [144829] [INF] Listening on port 8000
2026-02-25 00:33:42.675 [144829] [INF] Getting config from database
2026-02-25 00:33:42.676 [144829] [DBG] Config found :: {'_id': '018d9e2f-6c7b-7c3a-9f2e-4b1d8a6e5c90', 'port': 8000, 'debug': True, 'routes': [{'path': '/hello', 'method': 'GET', 'response': {'msg': 'Hello from DB route'}}, {'path': '/status', 'method': 'GET', 'response': {'status': 'ok'}}, {'path': '/echo', 'method': 'POST', 'echo': True}]}
2026-02-25 00:33:42.677 [144829] [INF] Mounting dynamic route: GET /hello
2026-02-25 00:33:42.677 [144829] [INF] Mounting dynamic route: GET /status
2026-02-25 00:33:42.677 [144829] [INF] Mounting dynamic route: POST /echo
2026-02-25 00:34:40.632 [144955] [INF] Listening on port 8000
2026-02-25 00:34:40.644 [144955] [INF] Getting config from database
2026-02-25 00:34:40.645 [144955] [DBG] Config found :: {'_id': '018d9e2f-6c7b-7c3a-9f2e-4b1d8a6e5c90', 'port': 8000, 'debug': True, 'routes': [{'path': '/hello', 'method': 'GET', 'response': {'msg': 'Hello from DB route'}}, {'path': '/status', 'method': 'GET', 'response': {'status': 'ok'}}, {'path': '/echo', 'method': 'POST', 'echo': True}]}
2026-02-25 00:34:40.645 [144955] [INF] Mounting dynamic route: GET /hello
2026-02-25 00:34:40.646 [144955] [INF] Mounting dynamic route: GET /status
2026-02-25 00:34:40.646 [144955] [INF] Mounting dynamic route: POST /echo
2026-02-25 00:34:57.019 [145047] [INF] Listening on port 8000
2026-02-25 00:34:57.032 [145047] [INF] Getting config from database
2026-02-25 00:34:57.033 [145047] [DBG] Config found :: {'_id': '018d9e2f-6c7b-7c3a-9f2e-4b1d8a6e5c90', 'port': 8000, 'debug': True, 'routes': [{'path': '/hello', 'method': 'GET', 'response': {'msg': 'Hello from DB route'}}, {'path': '/status', 'method': 'GET', 'response': {'status': 'ok'}}, {'path': '/echo', 'method': 'POST', 'echo': True}]}
2026-02-25 00:34:57.033 [145047] [INF] Mounting dynamic route: GET /hello
2026-02-25 00:34:57.033 [145047] [INF] Mounting dynamic route: GET /status
2026-02-25 00:34:57.034 [145047] [INF] Mounting dynamic route: POST /echo
2026-02-25 00:35:34.361 [145158] [INF] Listening on port 8000
2026-02-25 00:35:34.373 [145158] [INF] Getting config from database
2026-02-25 00:35:34.374 [145158] [DBG] Config found :: {'_id': '018d9e2f-6c7b-7c3a-9f2e-4b1d8a6e5c90', 'port': 8000, 'debug': True, 'routes': [{'path': '/hello', 'method': 'GET', 'response': {'msg': 'Hello from DB route'}}, {'path': '/status', 'method': 'GET', 'response': {'status': 'ok'}}, {'path': '/echo', 'method': 'POST', 'echo': True}]}
2026-02-25 00:35:34.374 [145158] [INF] Mounting dynamic route: GET /hello
2026-02-25 00:35:34.375 [145158] [INF] Mounting dynamic route: GET /status
2026-02-25 00:35:34.375 [145158] [INF] Mounting dynamic route: POST /echo
2026-02-25 00:36:10.222 [145311] [INF] Listening on port 8000
2026-02-25 00:36:10.235 [145311] [INF] Getting config from database
2026-02-25 00:36:10.237 [145311] [DBG] Config found :: {'_id': '018d9e2f-6c7b-7c3a-9f2e-4b1d8a6e5c90', 'port': 8000, 'debug': True, 'routes': [{'path': '/hello', 'method': 'GET', 'response': {'msg': 'Hello from DB route'}}, {'path': '/status', 'method': 'GET', 'response': {'status': 'ok'}}, {'path': '/echo', 'method': 'POST', 'echo': True}]}
2026-02-25 00:36:10.237 [145311] [INF] Mounting dynamic route: GET /hello
2026-02-25 00:36:10.237 [145311] [INF] Mounting dynamic route: GET /status
2026-02-25 00:36:10.237 [145311] [INF] Mounting dynamic route: POST /echo
2026-02-25 00:36:34.321 [145424] [INF] Listening on port 8000
2026-02-25 00:36:34.334 [145424] [INF] Getting config from database
2026-02-25 00:36:34.335 [145424] [DBG] Config found :: {'_id': '018d9e2f-6c7b-7c3a-9f2e-4b1d8a6e5c90', 'port': 8000, 'debug': True, 'routes': [{'path': '/hello', 'method': 'GET', 'response': {'msg': 'Hello from DB route'}}, {'path': '/status', 'method': 'GET', 'response': {'status': 'ok'}}, {'path': '/echo', 'method': 'POST', 'echo': True}]}
2026-02-25 00:36:34.335 [145424] [INF] Mounting dynamic route: GET /hello
2026-02-25 00:36:34.335 [145424] [INF] Mounting dynamic route: GET /status
2026-02-25 00:36:34.336 [145424] [INF] Mounting dynamic route: POST /echo
2026-02-25 00:36:44.847 [145563] [INF] Listening on port 8000
2026-02-25 00:36:44.863 [145563] [INF] Getting config from database
2026-02-25 00:36:44.864 [145563] [DBG] Config found :: {'_id': '018d9e2f-6c7b-7c3a-9f2e-4b1d8a6e5c90', 'port': 8000, 'debug': True, 'routes': [{'path': '/hello', 'method': 'GET', 'response': {'msg': 'Hello from DB route'}}, {'path': '/status', 'method': 'GET', 'response': {'status': 'ok'}}, {'path': '/echo', 'method': 'POST', 'echo': True}]}
2026-02-25 00:36:44.864 [145563] [INF] Mounting dynamic route: GET /hello
2026-02-25 00:36:44.865 [145563] [INF] Mounting dynamic route: GET /status
2026-02-25 00:36:44.865 [145563] [INF] Mounting dynamic route: POST /echo
2026-02-25 00:39:01.621 [145955] [INF] Listening on port 8000
2026-02-25 00:39:01.633 [145955] [INF] Getting config from database
2026-02-25 00:39:01.634 [145955] [DBG] Config found :: {'_id': '018d9e2f-6c7b-7c3a-9f2e-4b1d8a6e5c90', 'port': 8000, 'debug': True, 'routes': [{'path': '/hello', 'method': 'GET', 'response': {'msg': 'Hello from DB route'}}, {'path': '/status', 'method': 'GET', 'response': {'status': 'ok'}}, {'path': '/echo', 'method': 'POST', 'echo': True}]}
2026-02-25 00:39:01.634 [145955] [INF] Mounting dynamic route: GET /hello
2026-02-25 00:39:01.635 [145955] [INF] Mounting dynamic route: GET /status
2026-02-25 00:39:01.635 [145955] [INF] Mounting dynamic route: POST /echo
2026-02-25 00:39:01.635 [145955] [INF] App is online
2026-02-25 00:39:05.657 [145955] [INF] App shutting down
2026-02-25 00:39:23.497 [146084] [INF] Listening on port 8000
2026-02-25 00:39:23.511 [146084] [INF] Getting config from database
2026-02-25 00:39:23.513 [146084] [DBG] Config found :: {'_id': '018d9e2f-6c7b-7c3a-9f2e-4b1d8a6e5c90', 'port': 8000, 'debug': True, 'routes': [{'path': '/hello', 'method': 'GET', 'response': {'msg': 'Hello from DB route'}}, {'path': '/status', 'method': 'GET', 'response': {'status': 'ok'}}, {'path': '/echo', 'method': 'POST', 'echo': True}]}
2026-02-25 00:39:23.513 [146084] [INF] Mounting dynamic route: GET /hello
2026-02-25 00:39:23.513 [146084] [INF] Mounting dynamic route: GET /status
2026-02-25 00:39:23.513 [146084] [INF] Mounting dynamic route: POST /echo
2026-02-25 00:39:23.514 [146084] [INF] App is online
2026-02-25 00:39:27.546 [146084] [INF] 127.0.0.1 POST /echo 200 1.94ms
2026-02-25 00:39:39.731 [146084] [WRN] 127.0.0.1 POST / 404 0.34ms
2026-02-25 00:40:28.899 [146084] [WRN] 127.0.0.1 POST / 404 0.26ms
2026-02-25 00:40:34.667 [146084] [WRN] 127.0.0.1 POST /hello 405 0.19ms
2026-02-25 00:40:41.207 [146084] [INF] 127.0.0.1 GET /hello 200 0.32ms
2026-02-25 00:41:32.211 [146084] [INF] App shutting down
2026-02-25 00:41:36.442 [146409] [INF] Listening on port 8000
2026-02-25 00:41:36.455 [146409] [INF] Getting config from database
2026-02-25 00:41:36.456 [146409] [DBG] Config found :: {'_id': '018d9e2f-6c7b-7c3a-9f2e-4b1d8a6e5c90', 'port': 8000, 'debug': True, 'routes': [{'path': '/hello', 'method': 'GET', 'response': {'msg': 'Hello from DB route'}}, {'path': '/status', 'method': 'GET', 'response': {'status': 'ok'}}, {'path': '/echo', 'method': 'POST', 'echo': True}]}
2026-02-25 00:41:36.456 [146409] [INF] Mounting dynamic route: GET /hello
2026-02-25 00:41:36.457 [146409] [INF] Mounting dynamic route: GET /status
2026-02-25 00:41:36.457 [146409] [INF] Mounting dynamic route: POST /echo
2026-02-25 00:41:36.457 [146409] [INF] App is online
2026-02-25 00:41:43.438 [146409] [INF] 127.0.0.1 GET /hello 200 1.0ms
2026-02-25 00:42:07.250 [146409] [INF] 127.0.0.1 GET /status 200 0.59ms
2026-02-25 00:43:24.367 [146409] [INF] 127.0.0.1 GET /docs 200 0.34ms
2026-02-25 00:43:24.507 [146409] [INF] 127.0.0.1 GET /openapi.json 200 2.78ms
2026-02-25 00:45:36.983 [146409] [INF] App shutting down
2026-02-25 00:47:32.026 [146848] [INF] Listening on port 8000
2026-02-25 00:47:32.039 [146848] [INF] Getting config from database
2026-02-25 00:47:32.040 [146848] [DBG] Config found :: {'_id': '018d9e2f-6c7b-7c3a-9f2e-4b1d8a6e5c90', 'port': 8000, 'debug': True, 'routes': [{'path': '/hello', 'method': 'GET', 'response': {'msg': 'Hello from DB route'}}, {'path': '/status', 'method': 'GET', 'response': {'status': 'ok'}}, {'path': '/echo', 'method': 'POST', 'echo': True}]}
2026-02-25 00:47:32.040 [146848] [INF] Mounting dynamic route: GET /hello
2026-02-25 00:47:32.040 [146848] [INF] Mounting dynamic route: GET /status
2026-02-25 00:47:32.040 [146848] [INF] Mounting dynamic route: POST /echo
2026-02-25 00:47:32.040 [146848] [INF] App is online
2026-02-25 00:47:33.545 [146848] [INF] App shutting down
2026-02-25 00:50:48.851 [147048] [INF] Listening on port 8000
2026-02-25 00:50:48.864 [147048] [INF] Getting config from database
2026-02-25 00:50:48.865 [147048] [DBG] Config found :: {'_id': '018d9e2f-6c7b-7c3a-9f2e-4b1d8a6e5c90', 'port': 8000, 'debug': True, 'routes': [{'path': '/hello', 'method': 'GET', 'response': {'msg': 'Hello from DB route'}}, {'path': '/status', 'method': 'GET', 'response': {'status': 'ok'}}, {'path': '/echo', 'method': 'POST', 'echo': True}]}
2026-02-25 00:50:48.865 [147048] [INF] Mounting dynamic route: GET /hello
2026-02-25 00:50:48.865 [147048] [INF] Mounting dynamic route: GET /status
2026-02-25 00:50:48.866 [147048] [INF] Mounting dynamic route: POST /echo
2026-02-25 00:50:48.866 [147048] [INF] App is online
2026-02-25 00:51:03.513 [147048] [INF] 127.0.0.1 POST /echo 200 5.48ms
2026-02-25 00:51:08.393 [147048] [INF] 127.0.0.1 POST /echo 200 0.94ms
2026-02-25 00:51:09.161 [147048] [INF] 127.0.0.1 POST /echo 200 0.38ms
2026-02-25 00:51:31.105 [147048] [INF] 127.0.0.1 POST /echo 200 0.45ms
2026-02-25 00:51:34.401 [147048] [INF] 127.0.0.1 POST /echo 200 0.59ms
2026-02-25 00:51:43.870 [147048] [INF] 127.0.0.1 POST /echo 200 0.74ms
2026-02-25 00:52:26.642 [147048] [INF] 127.0.0.1 POST /echo 200 0.64ms
2026-02-25 00:56:58.153 [147048] [INF] App shutting down
2026-02-25 00:57:05.477 [148110] [INF] Listening on port 8000
2026-02-25 00:57:05.492 [148110] [INF] Getting config from database
2026-02-25 00:57:05.493 [148110] [DBG] Config found :: {'_id': '018d9e2f-6c7b-7c3a-9f2e-4b1d8a6e5c90', 'port': 8000, 'debug': True, 'routes': [{'path': '/hello', 'method': 'GET', 'response': {'msg': 'Hello from DB route'}}, {'path': '/status', 'method': 'GET', 'response': {'status': 'ok'}}, {'path': '/echo', 'method': 'POST', 'echo': True}]}
2026-02-25 00:57:05.493 [148110] [INF] Mounting dynamic route: GET /hello
2026-02-25 00:57:05.494 [148110] [INF] Mounting dynamic route: GET /status
2026-02-25 00:57:05.494 [148110] [INF] Mounting dynamic route: POST /echo
2026-02-25 00:57:05.494 [148110] [INF] App is online
2026-02-25 00:58:52.856 [148110] [INF] 127.0.0.1 GET /docs 200 0.38ms
2026-02-25 00:58:52.990 [148110] [INF] 127.0.0.1 GET /openapi.json 200 7.44ms
2026-02-25 10:30:09.255 [148110] [INF] App shutting down
