2026-02-24 23:43:25.571 [142538] [INF] App is online
2026-02-24 23:43:34.101 [142538] [INF] App shutting down
2026-02-24 23:39:10.565 [142300] [INF] Getting config from database
2026-02-24 23:39:10.569 [142300] [INF] Listening on port 8000
2026-02-24 23:43:37.326 [142643] [INF] Getting config from database
2026-02-24 23:43:37.330 [142643] [INF] Listening on port 8000
2026-02-24 23:43:37.618 [142657] [INF] App is online
2026-02-24 23:43:44.742 [142657] [INF] App shutting down
2026-02-24 23:44:04.555 [142790] [INF] Getting config from database
2026-02-24 23:44:04.559 [142790] [DBG] Config found :: {'_id': '018d9e2f-6c7b-7c3a-9f2e-4b1d8a6e5c90', 'port': 8000, 'debug': True}
2026-02-24 23:44:04.559 [142790] [INF] Listening on port 8000
2026-02-24 23:44:04.863 [142803] [INF] App is online
2026-02-24 23:45:18.318 [142803] [INF] App shutting down
2026-02-24 23:45:18.629 [142894] [INF] App is online
2026-02-24 23:45:21.438 [142894] [INF] App shutting down
2026-02-24 23:45:23.272 [142983] [INF] Getting config from database
2026-02-24 23:45:23.277 [142983] [DBG] Config found :: {'_id': '018d9e2f-6c7b-7c3a-9f2e-4b1d8a6e5c90', 'port': 8000, 'debug': True}
2026-02-24 23:45:23.277 [142983] [INF] Listening on port 8000
2026-02-24 23:45:23.571 [142998] [INF] App is online
2026-02-24 23:56:35.932 [142998] [INF] App shutting down
2026-02-24 23:58:49.687 [143716] [INF] Getting config from database
2026-02-24 23:58:49.691 [143716] [DBG] Config found :: {'_id': '018d9e2f-6c7b-7c3a-9f2e-4b1d8a6e5c90', 'port': 8000, 'debug': True, 'routes': [{'path': '/hello', 'method': 'GET', 'response': {'msg': 'Hello from DB route'}}, {'path': '/status', 'method': 'GET', 'response': {'status': 'ok'}}, {'path': '/echo', 'method': 'POST', 'echo': True}]}
2026-02-24 23:58:49.691 [143716] [INF] Mounting dynamic route: GET /hello
2026-02-24 23:58:49.719 [143716] [INF] Mounting dynamic route: GET /status
2026-02-24 23:58:49.720 [143716] [INF] Mounting dynamic route: POST /echo
2026-02-24 23:58:49.721 [143716] [INF] Listening on port 8000
2026-02-24 23:58:50.019 [143729] [INF] App is online
